<?xml version="1.0" encoding="UTF-8"?>
<!-- Generated by org.testng.reporters.JUnitReportReporter -->
<testsuite hostname="ENE" failures="0" tests="4" name="BetterLifeTest.LogingPageTest" time="48.145" errors="0" timestamp="2022-11-08T14:03:06 WAT" skipped="0">
  <testcase classname="BetterLifeTest.LogingPageTest" name="Veryfy_Direct_Supervisor_Login_Logout" time="10.414"/>
  <system-out/>
  <testcase classname="BetterLifeTest.LogingPageTest" name="Veryfy_In_Season_Advisor_Login_Logout" time="11.812"/>
  <system-out/>
  <testcase classname="BetterLifeTest.LogingPageTest" name="Veryfy_Admin_Login_LogOut" time="14.310"/>
  <system-out/>
  <testcase classname="BetterLifeTest.LogingPageTest" name="Veryfy_TGE_Supervisor_Login_Logout" time="11.609"/>
  <system-out/>
</testsuite> <!-- BetterLifeTest.LogingPageTest -->
