<?xml version="1.0" encoding="UTF-8"?>
<!-- Generated by org.testng.reporters.JUnitReportReporter -->
<testsuite hostname="ENE" failures="0" tests="4" name="BetterLifeTest.LogingPageTest" time="70.588" errors="0" timestamp="2022-09-15T13:05:29 WAT" skipped="0">
  <testcase classname="BetterLifeTest.LogingPageTest" name="Veryfy_TGE_Supervisor_Login_Logout" time="17.885"/>
  <system-out/>
  <testcase classname="BetterLifeTest.LogingPageTest" name="Veryfy_In_Season_Advisor_Login_Logout" time="17.311"/>
  <system-out/>
  <testcase classname="BetterLifeTest.LogingPageTest" name="Veryfy_Admin_Login_LogOut" time="17.870"/>
  <system-out/>
  <testcase classname="BetterLifeTest.LogingPageTest" name="Veryfy_Direct_Supervisor_Login_Logout" time="17.522"/>
  <system-out/>
</testsuite> <!-- BetterLifeTest.LogingPageTest -->
