<?xml version="1.0" encoding="UTF-8"?>
<!-- Generated by org.testng.reporters.JUnitReportReporter -->
<testsuite hostname="ENE" failures="0" tests="1" name="BetterLifeTest.SupervisorPageTest" time="8.808" errors="0" timestamp="2022-11-08T14:03:06 WAT" skipped="0">
  <testcase classname="BetterLifeTest.SupervisorPageTest" name="Verify_Send_For_Approval_Button" time="8.808"/>
  <system-out/>
</testsuite> <!-- BetterLifeTest.SupervisorPageTest -->
