<?xml version="1.0" encoding="UTF-8"?>
<!-- Generated by org.testng.reporters.JUnitReportReporter -->
<testsuite hostname="ENE" failures="0" tests="4" name="BetterLifeTest.A_LogingPageTest" time="62.932" errors="0" timestamp="2022-11-08T14:28:40 WAT" skipped="0">
  <testcase classname="BetterLifeTest.A_LogingPageTest" name="Veryfy_Admin_Login_LogOut" time="18.432"/>
  <system-out/>
  <testcase classname="BetterLifeTest.A_LogingPageTest" name="Veryfy_TGE_Supervisor_Login_Logout" time="13.922"/>
  <system-out/>
  <testcase classname="BetterLifeTest.A_LogingPageTest" name="Veryfy_Direct_Supervisor_Login_Logout" time="15.793"/>
  <system-out/>
  <testcase classname="BetterLifeTest.A_LogingPageTest" name="Veryfy_In_Season_Advisor_Login_Logout" time="14.785"/>
  <system-out/>
</testsuite> <!-- BetterLifeTest.A_LogingPageTest -->
