<?xml version="1.0" encoding="UTF-8"?>
<!-- Generated by org.testng.reporters.JUnitReportReporter -->
<testsuite hostname="ENE" failures="0" tests="4" name="BetterLifeTest.LogingPageTest" time="50.383" errors="0" timestamp="2023-01-11T15:48:35 WAT" skipped="0">
  <testcase classname="BetterLifeTest.LogingPageTest" name="Veryfy_Admin_Login_LogOut" time="13.120"/>
  <system-out/>
  <testcase classname="BetterLifeTest.LogingPageTest" name="Veryfy_Direct_Supervisor_Login_Logout" time="10.617"/>
  <system-out/>
  <testcase classname="BetterLifeTest.LogingPageTest" name="Veryfy_In_Season_Advisor_Login_Logout" time="15.284"/>
  <system-out/>
  <testcase classname="BetterLifeTest.LogingPageTest" name="Veryfy_TGE_Supervisor_Login_Logout" time="11.362"/>
  <system-out/>
</testsuite> <!-- BetterLifeTest.LogingPageTest -->
